# JRE version: OpenJDK Runtime Environment Temurin-17.0.15+6 (17.0.15+6) (build 17.0.15+6)
# Java VM: OpenJDK 64-Bit Server VM Temurin-17.0.15+6 (17.0.15+6, mixed mode, sharing, tiered, compressed oops, compressed class ptrs, g1 gc, windows-amd64)
GC Precious Log:
 CPUs: 4 total, 4 available
 Memory: 7878M
 Large Page Support: Disabled
 NUMA Support: Disabled
 Compressed Oops: Enabled (Zero based)
 Heap Region Size: 4M
 Heap Min Capacity: 8M
 Heap Initial Capacity: 124M
 Heap Max Capacity: 4536M
 Pre-touch: Disabled
 Parallel Workers: 4
 Concurrent Workers: 1
 Concurrent Refinement Workers: 4
 Periodic GC: Disabled
Heap:
 garbage-first heap   total 696320K, used 315448K [0x00000006e4800000, 0x0000000800000000)
  region size 4096K, 2 young (8192K), 2 survivors (8192K)
 Metaspace       used 81401K, committed 81984K, reserved 1179648K
  class space    used 11052K, committed 11328K, reserved 1048576K
GC Heap History (20 events):
Event: 12.365 GC heap after
{Heap after GC invocations=26 (full 0):
 garbage-first heap   total 405504K, used 84731K [0x00000006e4800000, 0x0000000800000000)
  region size 4096K, 1 young (4096K), 1 survivors (4096K)
 Metaspace       used 80702K, committed 81344K, reserved 1179648K
  class space    used 11029K, committed 11328K, reserved 1048576K
}
Event: 12.756 GC heap before
{Heap before GC invocations=26 (full 0):
 garbage-first heap   total 405504K, used 178939K [0x00000006e4800000, 0x0000000800000000)
  region size 4096K, 5 young (20480K), 1 survivors (4096K)
 Metaspace       used 81044K, committed 81600K, reserved 1179648K
  class space    used 11049K, committed 11328K, reserved 1048576K
}
Event: 12.759 GC heap after
{Heap after GC invocations=27 (full 0):
 garbage-first heap   total 405504K, used 120591K [0x00000006e4800000, 0x0000000800000000)
  region size 4096K, 1 young (4096K), 1 survivors (4096K)
 Metaspace       used 81044K, committed 81600K, reserved 1179648K
  class space    used 11049K, committed 11328K, reserved 1048576K
}
Event: 13.008 GC heap before
{Heap before GC invocations=27 (full 0):
 garbage-first heap   total 405504K, used 194319K [0x00000006e4800000, 0x0000000800000000)
  region size 4096K, 3 young (12288K), 1 survivors (4096K)
 Metaspace       used 81112K, committed 81728K, reserved 1179648K
  class space    used 11052K, committed 11328K, reserved 1048576K
}
Event: 13.010 GC heap after
{Heap after GC invocations=28 (full 0):
 garbage-first heap   total 405504K, used 153521K [0x00000006e4800000, 0x0000000800000000)
  region size 4096K, 1 young (4096K), 1 survivors (4096K)
 Metaspace       used 81112K, committed 81728K, reserved 1179648K
  class space    used 11052K, committed 11328K, reserved 1048576K
}
Event: 13.169 GC heap before
{Heap before GC invocations=28 (full 0):
 garbage-first heap   total 405504K, used 288689K [0x00000006e4800000, 0x0000000800000000)
  region size 4096K, 2 young (8192K), 1 survivors (4096K)
 Metaspace       used 81215K, committed 81792K, reserved 1179648K
  class space    used 11052K, committed 11328K, reserved 1048576K
}
Event: 13.172 GC heap after
{Heap after GC invocations=29 (full 0):
 garbage-first heap   total 405504K, used 218940K [0x00000006e4800000, 0x0000000800000000)
  region size 4096K, 1 young (4096K), 1 survivors (4096K)
 Metaspace       used 81215K, committed 81792K, reserved 1179648K
  class space    used 11052K, committed 11328K, reserved 1048576K
}
Event: 13.414 GC heap before
{Heap before GC invocations=30 (full 0):
 garbage-first heap   total 561152K, used 345916K [0x00000006e4800000, 0x0000000800000000)
  region size 4096K, 4 young (16384K), 1 survivors (4096K)
 Metaspace       used 81291K, committed 81856K, reserved 1179648K
  class space    used 11052K, committed 11328K, reserved 1048576K
}
Event: 13.417 GC heap after
{Heap after GC invocations=31 (full 0):
 garbage-first heap   total 561152K, used 182793K [0x00000006e4800000, 0x0000000800000000)
  region size 4096K, 1 young (4096K), 1 survivors (4096K)
 Metaspace       used 81291K, committed 81856K, reserved 1179648K
  class space    used 11052K, committed 11328K, reserved 1048576K
}
Event: 13.562 GC heap before
{Heap before GC invocations=31 (full 0):
 garbage-first heap   total 561152K, used 219657K [0x00000006e4800000, 0x0000000800000000)
  region size 4096K, 2 young (8192K), 1 survivors (4096K)
 Metaspace       used 81295K, committed 81856K, reserved 1179648K
  class space    used 11052K, committed 11328K, reserved 1048576K
}
Event: 13.565 GC heap after
{Heap after GC invocations=32 (full 0):
 garbage-first heap   total 561152K, used 199153K [0x00000006e4800000, 0x0000000800000000)
  region size 4096K, 1 young (4096K), 1 survivors (4096K)
 Metaspace       used 81295K, committed 81856K, reserved 1179648K
  class space    used 11052K, committed 11328K, reserved 1048576K
}
Event: 13.823 GC heap before
{Heap before GC invocations=32 (full 0):
 garbage-first heap   total 561152K, used 272881K [0x00000006e4800000, 0x0000000800000000)
  region size 4096K, 3 young (12288K), 1 survivors (4096K)
 Metaspace       used 81306K, committed 81920K, reserved 1179648K
  class space    used 11052K, committed 11328K, reserved 1048576K
}
Event: 13.826 GC heap after
{Heap after GC invocations=33 (full 0):
 garbage-first heap   total 561152K, used 231898K [0x00000006e4800000, 0x0000000800000000)
  region size 4096K, 1 young (4096K), 1 survivors (4096K)
 Metaspace       used 81306K, committed 81920K, reserved 1179648K
  class space    used 11052K, committed 11328K, reserved 1048576K
}
Event: 14.010 GC heap before
{Heap before GC invocations=33 (full 0):
 garbage-first heap   total 561152K, used 371162K [0x00000006e4800000, 0x0000000800000000)
  region size 4096K, 3 young (12288K), 1 survivors (4096K)
 Metaspace       used 81334K, committed 81920K, reserved 1179648K
  class space    used 11052K, committed 11328K, reserved 1048576K
}
Event: 14.013 GC heap after
{Heap after GC invocations=34 (full 0):
 garbage-first heap   total 561152K, used 297614K [0x00000006e4800000, 0x0000000800000000)
  region size 4096K, 1 young (4096K), 1 survivors (4096K)
 Metaspace       used 81334K, committed 81920K, reserved 1179648K
  class space    used 11052K, committed 11328K, reserved 1048576K
}
Event: 14.305 GC heap before
{Heap before GC invocations=35 (full 0):
 garbage-first heap   total 696320K, used 432782K [0x00000006e4800000, 0x0000000800000000)
  region size 4096K, 5 young (20480K), 1 survivors (4096K)
 Metaspace       used 81401K, committed 81984K, reserved 1179648K
  class space    used 11052K, committed 11328K, reserved 1048576K
}
Event: 14.311 GC heap after
{Heap after GC invocations=36 (full 0):
 garbage-first heap   total 696320K, used 266296K [0x00000006e4800000, 0x0000000800000000)
  region size 4096K, 2 young (8192K), 2 survivors (8192K)
 Metaspace       used 81401K, committed 81984K, reserved 1179648K
  class space    used 11052K, committed 11328K, reserved 1048576K
}
Event: 14.458 GC heap before
{Heap before GC invocations=36 (full 0):
 garbage-first heap   total 696320K, used 303160K [0x00000006e4800000, 0x0000000800000000)
  region size 4096K, 3 young (12288K), 2 survivors (8192K)
 Metaspace       used 81401K, committed 81984K, reserved 1179648K
  class space    used 11052K, committed 11328K, reserved 1048576K
}
Event: 14.463 GC heap after
{Heap after GC invocations=37 (full 0):
 garbage-first heap   total 696320K, used 283079K [0x00000006e4800000, 0x0000000800000000)
  region size 4096K, 2 young (8192K), 2 survivors (8192K)
 Metaspace       used 81401K, committed 81984K, reserved 1179648K
  class space    used 11052K, committed 11328K, reserved 1048576K
}
Event: 14.694 GC heap before
{Heap before GC invocations=37 (full 0):
 garbage-first heap   total 696320K, used 352711K [0x00000006e4800000, 0x0000000800000000)
  region size 4096K, 3 young (12288K), 2 survivors (8192K)
 Metaspace       used 81401K, committed 81984K, reserved 1179648K
  class space    used 11052K, committed 11328K, reserved 1048576K
}

