# JRE version: OpenJDK Runtime Environment Temurin-17.0.15+6 (17.0.15+6) (build 17.0.15+6)
# Java VM: OpenJDK 64-Bit Server VM Temurin-17.0.15+6 (17.0.15+6, mixed mode, sharing, tiered, compressed oops, compressed class ptrs, g1 gc, windows-amd64)
GC Precious Log:
 CPUs: 4 total, 4 available
 Memory: 7878M
 Large Page Support: Disabled
 NUMA Support: Disabled
 Compressed Oops: Enabled (Zero based)
 Heap Region Size: 4M
 Heap Min Capacity: 8M
 Heap Initial Capacity: 124M
 Heap Max Capacity: 4536M
 Pre-touch: Disabled
 Parallel Workers: 4
 Concurrent Workers: 1
 Concurrent Refinement Workers: 4
 Periodic GC: Disabled
Heap:
 garbage-first heap   total 696320K, used 314769K [0x00000006e4800000, 0x0000000800000000)
  region size 4096K, 2 young (8192K), 2 survivors (8192K)
 Metaspace       used 75381K, committed 75968K, reserved 1179648K
  class space    used 10320K, committed 10560K, reserved 1048576K
GC Heap History (20 events):
Event: 16.305 GC heap after
{Heap after GC invocations=26 (full 0):
 garbage-first heap   total 327680K, used 102196K [0x00000006e4800000, 0x0000000800000000)
  region size 4096K, 1 young (4096K), 1 survivors (4096K)
 Metaspace       used 75201K, committed 75776K, reserved 1179648K
  class space    used 10319K, committed 10560K, reserved 1048576K
}
Event: 16.482 GC heap before
{Heap before GC invocations=26 (full 0):
 garbage-first heap   total 327680K, used 139060K [0x00000006e4800000, 0x0000000800000000)
  region size 4096K, 2 young (8192K), 1 survivors (4096K)
 Metaspace       used 75249K, committed 75776K, reserved 1179648K
  class space    used 10320K, committed 10560K, reserved 1048576K
}
Event: 16.485 GC heap after
{Heap after GC invocations=27 (full 0):
 garbage-first heap   total 405504K, used 118798K [0x00000006e4800000, 0x0000000800000000)
  region size 4096K, 1 young (4096K), 1 survivors (4096K)
 Metaspace       used 75249K, committed 75776K, reserved 1179648K
  class space    used 10320K, committed 10560K, reserved 1048576K
}
Event: 16.805 GC heap before
{Heap before GC invocations=27 (full 0):
 garbage-first heap   total 405504K, used 200718K [0x00000006e4800000, 0x0000000800000000)
  region size 4096K, 5 young (20480K), 1 survivors (4096K)
 Metaspace       used 75310K, committed 75904K, reserved 1179648K
  class space    used 10320K, committed 10560K, reserved 1048576K
}
Event: 16.808 GC heap after
{Heap after GC invocations=28 (full 0):
 garbage-first heap   total 405504K, used 151869K [0x00000006e4800000, 0x0000000800000000)
  region size 4096K, 1 young (4096K), 1 survivors (4096K)
 Metaspace       used 75310K, committed 75904K, reserved 1179648K
  class space    used 10320K, committed 10560K, reserved 1048576K
}
Event: 16.970 GC heap before
{Heap before GC invocations=28 (full 0):
 garbage-first heap   total 405504K, used 295229K [0x00000006e4800000, 0x0000000800000000)
  region size 4096K, 4 young (16384K), 1 survivors (4096K)
 Metaspace       used 75325K, committed 75904K, reserved 1179648K
  class space    used 10320K, committed 10560K, reserved 1048576K
}
Event: 16.973 GC heap after
{Heap after GC invocations=29 (full 0):
 garbage-first heap   total 405504K, used 217635K [0x00000006e4800000, 0x0000000800000000)
  region size 4096K, 1 young (4096K), 1 survivors (4096K)
 Metaspace       used 75325K, committed 75904K, reserved 1179648K
  class space    used 10320K, committed 10560K, reserved 1048576K
}
Event: 17.181 GC heap before
{Heap before GC invocations=30 (full 0):
 garbage-first heap   total 561152K, used 344611K [0x00000006e4800000, 0x0000000800000000)
  region size 4096K, 4 young (16384K), 1 survivors (4096K)
 Metaspace       used 75328K, committed 75904K, reserved 1179648K
  class space    used 10320K, committed 10560K, reserved 1048576K
}
Event: 17.184 GC heap after
{Heap after GC invocations=31 (full 0):
 garbage-first heap   total 561152K, used 181551K [0x00000006e4800000, 0x0000000800000000)
  region size 4096K, 1 young (4096K), 1 survivors (4096K)
 Metaspace       used 75328K, committed 75904K, reserved 1179648K
  class space    used 10320K, committed 10560K, reserved 1048576K
}
Event: 17.328 GC heap before
{Heap before GC invocations=31 (full 0):
 garbage-first heap   total 561152K, used 218415K [0x00000006e4800000, 0x0000000800000000)
  region size 4096K, 2 young (8192K), 1 survivors (4096K)
 Metaspace       used 75331K, committed 75904K, reserved 1179648K
  class space    used 10320K, committed 10560K, reserved 1048576K
}
Event: 17.332 GC heap after
{Heap after GC invocations=32 (full 0):
 garbage-first heap   total 561152K, used 197998K [0x00000006e4800000, 0x0000000800000000)
  region size 4096K, 1 young (4096K), 1 survivors (4096K)
 Metaspace       used 75331K, committed 75904K, reserved 1179648K
  class space    used 10320K, committed 10560K, reserved 1048576K
}
Event: 17.582 GC heap before
{Heap before GC invocations=32 (full 0):
 garbage-first heap   total 561152K, used 275822K [0x00000006e4800000, 0x0000000800000000)
  region size 4096K, 4 young (16384K), 1 survivors (4096K)
 Metaspace       used 75337K, committed 75904K, reserved 1179648K
  class space    used 10320K, committed 10560K, reserved 1048576K
}
Event: 17.586 GC heap after
{Heap after GC invocations=33 (full 0):
 garbage-first heap   total 561152K, used 230824K [0x00000006e4800000, 0x0000000800000000)
  region size 4096K, 1 young (4096K), 1 survivors (4096K)
 Metaspace       used 75337K, committed 75904K, reserved 1179648K
  class space    used 10320K, committed 10560K, reserved 1048576K
}
Event: 17.774 GC heap before
{Heap before GC invocations=33 (full 0):
 garbage-first heap   total 561152K, used 374184K [0x00000006e4800000, 0x0000000800000000)
  region size 4096K, 4 young (16384K), 1 survivors (4096K)
 Metaspace       used 75378K, committed 75968K, reserved 1179648K
  class space    used 10320K, committed 10560K, reserved 1048576K
}
Event: 17.778 GC heap after
{Heap after GC invocations=34 (full 0):
 garbage-first heap   total 561152K, used 297518K [0x00000006e4800000, 0x0000000800000000)
  region size 4096K, 2 young (8192K), 2 survivors (8192K)
 Metaspace       used 75378K, committed 75968K, reserved 1179648K
  class space    used 10320K, committed 10560K, reserved 1048576K
}
Event: 17.997 GC heap before
{Heap before GC invocations=35 (full 0):
 garbage-first heap   total 696320K, used 424494K [0x00000006e4800000, 0x0000000800000000)
  region size 4096K, 4 young (16384K), 2 survivors (8192K)
 Metaspace       used 75381K, committed 75968K, reserved 1179648K
  class space    used 10320K, committed 10560K, reserved 1048576K
}
Event: 18.001 GC heap after
{Heap after GC invocations=36 (full 0):
 garbage-first heap   total 696320K, used 264852K [0x00000006e4800000, 0x0000000800000000)
  region size 4096K, 2 young (8192K), 2 survivors (8192K)
 Metaspace       used 75381K, committed 75968K, reserved 1179648K
  class space    used 10320K, committed 10560K, reserved 1048576K
}
Event: 18.132 GC heap before
{Heap before GC invocations=36 (full 0):
 garbage-first heap   total 696320K, used 301716K [0x00000006e4800000, 0x0000000800000000)
  region size 4096K, 3 young (12288K), 2 survivors (8192K)
 Metaspace       used 75381K, committed 75968K, reserved 1179648K
  class space    used 10320K, committed 10560K, reserved 1048576K
}
Event: 18.137 GC heap after
{Heap after GC invocations=37 (full 0):
 garbage-first heap   total 696320K, used 281616K [0x00000006e4800000, 0x0000000800000000)
  region size 4096K, 2 young (8192K), 2 survivors (8192K)
 Metaspace       used 75381K, committed 75968K, reserved 1179648K
  class space    used 10320K, committed 10560K, reserved 1048576K
}
Event: 18.359 GC heap before
{Heap before GC invocations=37 (full 0):
 garbage-first heap   total 696320K, used 351248K [0x00000006e4800000, 0x0000000800000000)
  region size 4096K, 3 young (12288K), 2 survivors (8192K)
 Metaspace       used 75381K, committed 75968K, reserved 1179648K
  class space    used 10320K, committed 10560K, reserved 1048576K
}

