# JRE version: OpenJDK Runtime Environment Temurin-17.0.15+6 (17.0.15+6) (build 17.0.15+6)
# Java VM: OpenJDK 64-Bit Server VM Temurin-17.0.15+6 (17.0.15+6, mixed mode, sharing, tiered, compressed oops, compressed class ptrs, g1 gc, windows-amd64)
GC Precious Log:
 CPUs: 4 total, 4 available
 Memory: 7878M
 Large Page Support: Disabled
 NUMA Support: Disabled
 Compressed Oops: Enabled (Zero based)
 Heap Region Size: 4M
 Heap Min Capacity: 8M
 Heap Initial Capacity: 124M
 Heap Max Capacity: 4536M
 Pre-touch: Disabled
 Parallel Workers: 4
 Concurrent Workers: 1
 Concurrent Refinement Workers: 4
 Periodic GC: Disabled
Heap:
 garbage-first heap   total 1548288K, used 252929K [0x00000006e4800000, 0x0000000800000000)
  region size 4096K, 30 young (122880K), 8 survivors (32768K)
 Metaspace       used 123326K, committed 124288K, reserved 1179648K
  class space    used 15914K, committed 16384K, reserved 1048576K
GC Heap History (20 events):
Event: 1761.312 GC heap before
{Heap before GC invocations=44 (full 0):
 garbage-first heap   total 577536K, used 203291K [0x00000006e4800000, 0x0000000800000000)
  region size 4096K, 7 young (28672K), 6 survivors (24576K)
 Metaspace       used 109403K, committed 110272K, reserved 1179648K
  class space    used 14735K, committed 15168K, reserved 1048576K
}
Event: 1761.327 GC heap after
{Heap after GC invocations=45 (full 0):
 garbage-first heap   total 577536K, used 177558K [0x00000006e4800000, 0x0000000800000000)
  region size 4096K, 6 young (24576K), 6 survivors (24576K)
 Metaspace       used 109403K, committed 110272K, reserved 1179648K
  class space    used 14735K, committed 15168K, reserved 1048576K
}
Event: 1761.467 GC heap before
{Heap before GC invocations=45 (full 0):
 garbage-first heap   total 577536K, used 214422K [0x00000006e4800000, 0x0000000800000000)
  region size 4096K, 7 young (28672K), 6 survivors (24576K)
 Metaspace       used 109403K, committed 110272K, reserved 1179648K
  class space    used 14735K, committed 15168K, reserved 1048576K
}
Event: 1761.481 GC heap after
{Heap after GC invocations=46 (full 0):
 garbage-first heap   total 577536K, used 194081K [0x00000006e4800000, 0x0000000800000000)
  region size 4096K, 6 young (24576K), 6 survivors (24576K)
 Metaspace       used 109403K, committed 110272K, reserved 1179648K
  class space    used 14735K, committed 15168K, reserved 1048576K
}
Event: 1761.664 GC heap before
{Heap before GC invocations=46 (full 0):
 garbage-first heap   total 577536K, used 263713K [0x00000006e4800000, 0x0000000800000000)
  region size 4096K, 7 young (28672K), 6 survivors (24576K)
 Metaspace       used 109403K, committed 110272K, reserved 1179648K
  class space    used 14735K, committed 15168K, reserved 1048576K
}
Event: 1761.680 GC heap after
{Heap after GC invocations=47 (full 0):
 garbage-first heap   total 1048576K, used 226842K [0x00000006e4800000, 0x0000000800000000)
  region size 4096K, 6 young (24576K), 6 survivors (24576K)
 Metaspace       used 109403K, committed 110272K, reserved 1179648K
  class space    used 14735K, committed 15168K, reserved 1048576K
}
Event: 1761.778 GC heap before
{Heap before GC invocations=47 (full 0):
 garbage-first heap   total 1048576K, used 312858K [0x00000006e4800000, 0x0000000800000000)
  region size 4096K, 8 young (32768K), 6 survivors (24576K)
 Metaspace       used 109403K, committed 110272K, reserved 1179648K
  class space    used 14735K, committed 15168K, reserved 1048576K
}
Event: 1761.794 GC heap after
{Heap after GC invocations=48 (full 0):
 garbage-first heap   total 1048576K, used 230787K [0x00000006e4800000, 0x0000000800000000)
  region size 4096K, 6 young (24576K), 6 survivors (24576K)
 Metaspace       used 109403K, committed 110272K, reserved 1179648K
  class space    used 14735K, committed 15168K, reserved 1048576K
}
Event: 1761.999 GC heap before
{Heap before GC invocations=48 (full 0):
 garbage-first heap   total 1048576K, used 288131K [0x00000006e4800000, 0x0000000800000000)
  region size 4096K, 7 young (28672K), 6 survivors (24576K)
 Metaspace       used 109403K, committed 110272K, reserved 1179648K
  class space    used 14735K, committed 15168K, reserved 1048576K
}
Event: 1762.015 GC heap after
{Heap after GC invocations=49 (full 0):
 garbage-first heap   total 1048576K, used 255388K [0x00000006e4800000, 0x0000000800000000)
  region size 4096K, 6 young (24576K), 6 survivors (24576K)
 Metaspace       used 109403K, committed 110272K, reserved 1179648K
  class space    used 14735K, committed 15168K, reserved 1048576K
}
Event: 1762.228 GC heap before
{Heap before GC invocations=49 (full 0):
 garbage-first heap   total 1048576K, used 325020K [0x00000006e4800000, 0x0000000800000000)
  region size 4096K, 7 young (28672K), 6 survivors (24576K)
 Metaspace       used 109403K, committed 110272K, reserved 1179648K
  class space    used 14735K, committed 15168K, reserved 1048576K
}
Event: 1762.242 GC heap after
{Heap after GC invocations=50 (full 0):
 garbage-first heap   total 1048576K, used 288187K [0x00000006e4800000, 0x0000000800000000)
  region size 4096K, 6 young (24576K), 6 survivors (24576K)
 Metaspace       used 109403K, committed 110272K, reserved 1179648K
  class space    used 14735K, committed 15168K, reserved 1048576K
}
Event: 1762.286 GC heap before
{Heap before GC invocations=50 (full 0):
 garbage-first heap   total 1048576K, used 349627K [0x00000006e4800000, 0x0000000800000000)
  region size 4096K, 8 young (32768K), 6 survivors (24576K)
 Metaspace       used 109403K, committed 110272K, reserved 1179648K
  class space    used 14735K, committed 15168K, reserved 1048576K
}
Event: 1762.304 GC heap after
{Heap after GC invocations=51 (full 0):
 garbage-first heap   total 1548288K, used 282146K [0x00000006e4800000, 0x0000000800000000)
  region size 4096K, 6 young (24576K), 6 survivors (24576K)
 Metaspace       used 109403K, committed 110272K, reserved 1179648K
  class space    used 14735K, committed 15168K, reserved 1048576K
}
Event: 1762.884 GC heap before
{Heap before GC invocations=51 (full 0):
 garbage-first heap   total 1548288K, used 527906K [0x00000006e4800000, 0x0000000800000000)
  region size 4096K, 8 young (32768K), 6 survivors (24576K)
 Metaspace       used 109403K, committed 110272K, reserved 1179648K
  class space    used 14735K, committed 15168K, reserved 1048576K
}
Event: 1762.902 GC heap after
{Heap after GC invocations=52 (full 0):
 garbage-first heap   total 1548288K, used 359926K [0x00000006e4800000, 0x0000000800000000)
  region size 4096K, 6 young (24576K), 6 survivors (24576K)
 Metaspace       used 109403K, committed 110272K, reserved 1179648K
  class space    used 14735K, committed 15168K, reserved 1048576K
}
Event: 1799.557 GC heap before
{Heap before GC invocations=52 (full 0):
 garbage-first heap   total 1548288K, used 1347062K [0x00000006e4800000, 0x0000000800000000)
  region size 4096K, 179 young (733184K), 6 survivors (24576K)
 Metaspace       used 121609K, committed 122560K, reserved 1179648K
  class space    used 15796K, committed 16256K, reserved 1048576K
}
Event: 1799.587 GC heap after
{Heap after GC invocations=53 (full 0):
 garbage-first heap   total 1548288K, used 190889K [0x00000006e4800000, 0x0000000800000000)
  region size 4096K, 10 young (40960K), 10 survivors (40960K)
 Metaspace       used 121609K, committed 122560K, reserved 1179648K
  class space    used 15796K, committed 16256K, reserved 1048576K
}
Event: 1810.751 GC heap before
{Heap before GC invocations=53 (full 0):
 garbage-first heap   total 1548288K, used 1092009K [0x00000006e4800000, 0x0000000800000000)
  region size 4096K, 226 young (925696K), 10 survivors (40960K)
 Metaspace       used 123273K, committed 124224K, reserved 1179648K
  class space    used 15914K, committed 16384K, reserved 1048576K
}
Event: 1810.785 GC heap after
{Heap after GC invocations=54 (full 0):
 garbage-first heap   total 1548288K, used 166913K [0x00000006e4800000, 0x0000000800000000)
  region size 4096K, 8 young (32768K), 8 survivors (32768K)
 Metaspace       used 123273K, committed 124224K, reserved 1179648K
  class space    used 15914K, committed 16384K, reserved 1048576K
}

